# JRE version: Java(TM) SE Runtime Environment (8.0_121-b13) (build 1.8.0_121-b13)
# Java VM: Java HotSpot(TM) Client VM (25.121-b13 mixed mode windows-x86 )
Heap:
 def new generation   total 39424K, used 23928K [0x10400000, 0x12ec0000, 0x1aea0000)
  eden space 35072K,  68% used [0x10400000, 0x11b4b238, 0x12640000)
  from space 4352K,   1% used [0x12640000, 0x12652e78, 0x12a80000)
  to   space 4352K,   0% used [0x12a80000, 0x12a80000, 0x12ec0000)
 tenured generation   total 87424K, used 84782K [0x1aea0000, 0x20400000, 0x30400000)
   the space 87424K,  96% used [0x1aea0000, 0x2016b8e0, 0x2016ba00, 0x20400000)
 Metaspace       used 19371K, capacity 19814K, committed 19840K, reserved 19840K
GC Heap History (10 events):
Event: 9527.456 GC heap before
{Heap before GC invocations=40 (full 1):
 def new generation   total 39424K, used 35151K [0x10400000, 0x12ec0000, 0x1aea0000)
  eden space 35072K, 100% used [0x10400000, 0x12640000, 0x12640000)
  from space 4352K,   1% used [0x12a80000, 0x12a93d70, 0x12ec0000)
  to   space 4352K,   0% used [0x12640000, 0x12640000, 0x12a80000)
 tenured generation   total 87424K, used 77947K [0x1aea0000, 0x20400000, 0x30400000)
   the space 87424K,  89% used [0x1aea0000, 0x1fabef08, 0x1fabf000, 0x20400000)
 Metaspace       used 19371K, capacity 19814K, committed 19840K, reserved 19840K
Event: 9527.458 GC heap after
Heap after GC invocations=41 (full 1):
 def new generation   total 39424K, used 76K [0x10400000, 0x12ec0000, 0x1aea0000)
  eden space 35072K,   0% used [0x10400000, 0x10400000, 0x12640000)
  from space 4352K,   1% used [0x12640000, 0x12653278, 0x12a80000)
  to   space 4352K,   0% used [0x12a80000, 0x12a80000, 0x12ec0000)
 tenured generation   total 87424K, used 77950K [0x1aea0000, 0x20400000, 0x30400000)
   the space 87424K,  89% used [0x1aea0000, 0x1fabfb28, 0x1fabfc00, 0x20400000)
 Metaspace       used 19371K, capacity 19814K, committed 19840K, reserved 19840K
}
Event: 9858.674 GC heap before
{Heap before GC invocations=41 (full 1):
 def new generation   total 39424K, used 35148K [0x10400000, 0x12ec0000, 0x1aea0000)
  eden space 35072K, 100% used [0x10400000, 0x12640000, 0x12640000)
  from space 4352K,   1% used [0x12640000, 0x12653278, 0x12a80000)
  to   space 4352K,   0% used [0x12a80000, 0x12a80000, 0x12ec0000)
 tenured generation   total 87424K, used 77950K [0x1aea0000, 0x20400000, 0x30400000)
   the space 87424K,  89% used [0x1aea0000, 0x1fabfb28, 0x1fabfc00, 0x20400000)
 Metaspace       used 19371K, capacity 19814K, committed 19840K, reserved 19840K
Event: 9858.677 GC heap after
Heap after GC invocations=42 (full 1):
 def new generation   total 39424K, used 79K [0x10400000, 0x12ec0000, 0x1aea0000)
  eden space 35072K,   0% used [0x10400000, 0x10400000, 0x12640000)
  from space 4352K,   1% used [0x12a80000, 0x12a93c28, 0x12ec0000)
  to   space 4352K,   0% used [0x12640000, 0x12640000, 0x12a80000)
 tenured generation   total 87424K, used 77952K [0x1aea0000, 0x20400000, 0x30400000)
   the space 87424K,  89% used [0x1aea0000, 0x1fac0250, 0x1fac0400, 0x20400000)
 Metaspace       used 19371K, capacity 19814K, committed 19840K, reserved 19840K
}
Event: 10182.016 GC heap before
{Heap before GC invocations=42 (full 1):
 def new generation   total 39424K, used 35151K [0x10400000, 0x12ec0000, 0x1aea0000)
  eden space 35072K, 100% used [0x10400000, 0x12640000, 0x12640000)
  from space 4352K,   1% used [0x12a80000, 0x12a93c28, 0x12ec0000)
  to   space 4352K,   0% used [0x12640000, 0x12640000, 0x12a80000)
 tenured generation   total 87424K, used 77952K [0x1aea0000, 0x20400000, 0x30400000)
   the space 87424K,  89% used [0x1aea0000, 0x1fac0250, 0x1fac0400, 0x20400000)
 Metaspace       used 19371K, capacity 19814K, committed 19840K, reserved 19840K
Event: 10182.018 GC heap after
Heap after GC invocations=43 (full 1):
 def new generation   total 39424K, used 74K [0x10400000, 0x12ec0000, 0x1aea0000)
  eden space 35072K,   0% used [0x10400000, 0x10400000, 0x12640000)
  from space 4352K,   1% used [0x12640000, 0x12652aa8, 0x12a80000)
  to   space 4352K,   0% used [0x12a80000, 0x12a80000, 0x12ec0000)
 tenured generation   total 87424K, used 77952K [0x1aea0000, 0x20400000, 0x30400000)
   the space 87424K,  89% used [0x1aea0000, 0x1fac0250, 0x1fac0400, 0x20400000)
 Metaspace       used 19371K, capacity 19814K, committed 19840K, reserved 19840K
}
Event: 10436.762 GC heap before
{Heap before GC invocations=43 (full 1):
 def new generation   total 39424K, used 35146K [0x10400000, 0x12ec0000, 0x1aea0000)
  eden space 35072K, 100% used [0x10400000, 0x12640000, 0x12640000)
  from space 4352K,   1% used [0x12640000, 0x12652aa8, 0x12a80000)
  to   space 4352K,   0% used [0x12a80000, 0x12a80000, 0x12ec0000)
 tenured generation   total 87424K, used 77952K [0x1aea0000, 0x20400000, 0x30400000)
   the space 87424K,  89% used [0x1aea0000, 0x1fac0250, 0x1fac0400, 0x20400000)
 Metaspace       used 19371K, capacity 19814K, committed 19840K, reserved 19840K
Event: 10436.768 GC heap after
Heap after GC invocations=44 (full 1):
 def new generation   total 39424K, used 490K [0x10400000, 0x12ec0000, 0x1aea0000)
  eden space 35072K,   0% used [0x10400000, 0x10400000, 0x12640000)
  from space 4352K,  11% used [0x12a80000, 0x12afa998, 0x12ec0000)
  to   space 4352K,   0% used [0x12640000, 0x12640000, 0x12a80000)
 tenured generation   total 87424K, used 84782K [0x1aea0000, 0x20400000, 0x30400000)
   the space 87424K,  96% used [0x1aea0000, 0x2016b8e0, 0x2016ba00, 0x20400000)
 Metaspace       used 19371K, capacity 19814K, committed 19840K, reserved 19840K
}
Event: 10768.139 GC heap before
{Heap before GC invocations=44 (full 1):
 def new generation   total 39424K, used 35562K [0x10400000, 0x12ec0000, 0x1aea0000)
  eden space 35072K, 100% used [0x10400000, 0x12640000, 0x12640000)
  from space 4352K,  11% used [0x12a80000, 0x12afa998, 0x12ec0000)
  to   space 4352K,   0% used [0x12640000, 0x12640000, 0x12a80000)
 tenured generation   total 87424K, used 84782K [0x1aea0000, 0x20400000, 0x30400000)
   the space 87424K,  96% used [0x1aea0000, 0x2016b8e0, 0x2016ba00, 0x20400000)
 Metaspace       used 19371K, capacity 19814K, committed 19840K, reserved 19840K
Event: 10768.141 GC heap after
Heap after GC invocations=45 (full 1):
 def new generation   total 39424K, used 75K [0x10400000, 0x12ec0000, 0x1aea0000)
  eden space 35072K,   0% used [0x10400000, 0x10400000, 0x12640000)
  from space 4352K,   1% used [0x12640000, 0x12652e78, 0x12a80000)
  to   space 4352K,   0% used [0x12a80000, 0x12a80000, 0x12ec0000)
 tenured generation   total 87424K, used 84782K [0x1aea0000, 0x20400000, 0x30400000)
   the space 87424K,  96% used [0x1aea0000, 0x2016b8e0, 0x2016ba00, 0x20400000)
 Metaspace       used 19371K, capacity 19814K, committed 19840K, reserved 19840K
}

